# JRE version: OpenJDK Runtime Environment (8.0_112-b06) (build 1.8.0_112-release-b06)
# Java VM: OpenJDK 64-Bit Server VM (25.112-b06 mixed mode linux-amd64 compressed oops)
Heap:
 PSYoungGen      total 442880K, used 134482K [0x00000000e0000000, 0x00000000ffe80000, 0x0000000100000000)
  eden space 365056K, 35% used [0x00000000e0000000,0x00000000e7d2fc50,0x00000000f6480000)
  from space 77824K, 8% used [0x00000000f6480000,0x00000000f6aa4bf0,0x00000000fb080000)
  to   space 78848K, 0% used [0x00000000fb180000,0x00000000fb180000,0x00000000ffe80000)
 ParOldGen       total 224768K, used 174154K [0x00000000a0000000, 0x00000000adb80000, 0x00000000e0000000)
  object space 224768K, 77% used [0x00000000a0000000,0x00000000aaa128b0,0x00000000adb80000)
 Metaspace       used 79665K, capacity 86834K, committed 87064K, reserved 1126400K
  class space    used 10028K, capacity 11042K, committed 11056K, reserved 1048576K
GC Heap History (10 events):
Event: 6331.904 GC heap before
{Heap before GC invocations=65 (full 4):
 PSYoungGen      total 453632K, used 404466K [0x00000000e0000000, 0x0000000100000000, 0x0000000100000000)
  eden space 380928K, 100% used [0x00000000e0000000,0x00000000f7400000,0x00000000f7400000)
  from space 72704K, 32% used [0x00000000fb900000,0x00000000fcffcbe8,0x0000000100000000)
  to   space 70656K, 0% used [0x00000000f7400000,0x00000000f7400000,0x00000000fb900000)
 ParOldGen       total 224768K, used 158489K [0x00000000a0000000, 0x00000000adb80000, 0x00000000e0000000)
  object space 224768K, 70% used [0x00000000a0000000,0x00000000a9ac6520,0x00000000adb80000)
 Metaspace       used 79449K, capacity 86500K, committed 86552K, reserved 1124352K
  class space    used 10004K, capacity 11017K, committed 11056K, reserved 1048576K
Event: 6332.169 GC heap after
Heap after GC invocations=65 (full 4):
 PSYoungGen      total 441856K, used 60791K [0x00000000e0000000, 0x0000000100000000, 0x0000000100000000)
  eden space 380928K, 0% used [0x00000000e0000000,0x00000000e0000000,0x00000000f7400000)
  from space 60928K, 99% used [0x00000000f7400000,0x00000000faf5dd70,0x00000000faf80000)
  to   space 77312K, 0% used [0x00000000fb480000,0x00000000fb480000,0x0000000100000000)
 ParOldGen       total 224768K, used 158669K [0x00000000a0000000, 0x00000000adb80000, 0x00000000e0000000)
  object space 224768K, 70% used [0x00000000a0000000,0x00000000a9af3530,0x00000000adb80000)
 Metaspace       used 79449K, capacity 86500K, committed 86552K, reserved 1124352K
  class space    used 10004K, capacity 11017K, committed 11056K, reserved 1048576K
}
Event: 7391.770 GC heap before
{Heap before GC invocations=66 (full 4):
 PSYoungGen      total 441856K, used 441719K [0x00000000e0000000, 0x0000000100000000, 0x0000000100000000)
  eden space 380928K, 100% used [0x00000000e0000000,0x00000000f7400000,0x00000000f7400000)
  from space 60928K, 99% used [0x00000000f7400000,0x00000000faf5dd70,0x00000000faf80000)
  to   space 77312K, 0% used [0x00000000fb480000,0x00000000fb480000,0x0000000100000000)
 ParOldGen       total 224768K, used 158669K [0x00000000a0000000, 0x00000000adb80000, 0x00000000e0000000)
  object space 224768K, 70% used [0x00000000a0000000,0x00000000a9af3530,0x00000000adb80000)
 Metaspace       used 79528K, capacity 86588K, committed 86808K, reserved 1124352K
  class space    used 10012K, capacity 11025K, committed 11056K, reserved 1048576K
Event: 7391.837 GC heap after
Heap after GC invocations=66 (full 4):
 PSYoungGen      total 446976K, used 11114K [0x00000000e0000000, 0x0000000100000000, 0x0000000100000000)
  eden space 369664K, 0% used [0x00000000e0000000,0x00000000e0000000,0x00000000f6900000)
  from space 77312K, 14% used [0x00000000fb480000,0x00000000fbf5aa48,0x0000000100000000)
  to   space 77312K, 0% used [0x00000000f6900000,0x00000000f6900000,0x00000000fb480000)
 ParOldGen       total 224768K, used 171909K [0x00000000a0000000, 0x00000000adb80000, 0x00000000e0000000)
  object space 224768K, 76% used [0x00000000a0000000,0x00000000aa7e17b0,0x00000000adb80000)
 Metaspace       used 79528K, capacity 86588K, committed 86808K, reserved 1124352K
  class space    used 10012K, capacity 11025K, committed 11056K, reserved 1048576K
}
Event: 7392.862 GC heap before
{Heap before GC invocations=67 (full 4):
 PSYoungGen      total 446976K, used 378371K [0x00000000e0000000, 0x0000000100000000, 0x0000000100000000)
  eden space 369664K, 99% used [0x00000000e0000000,0x00000000f66a6360,0x00000000f6900000)
  from space 77312K, 14% used [0x00000000fb480000,0x00000000fbf5aa48,0x0000000100000000)
  to   space 77312K, 0% used [0x00000000f6900000,0x00000000f6900000,0x00000000fb480000)
 ParOldGen       total 224768K, used 171909K [0x00000000a0000000, 0x00000000adb80000, 0x00000000e0000000)
  object space 224768K, 76% used [0x00000000a0000000,0x00000000aa7e17b0,0x00000000adb80000)
 Metaspace       used 79552K, capacity 86652K, committed 86808K, reserved 1124352K
  class space    used 10012K, capacity 11025K, committed 11056K, reserved 1048576K
Event: 7392.931 GC heap after
Heap after GC invocations=67 (full 4):
 PSYoungGen      total 425472K, used 55713K [0x00000000e0000000, 0x0000000100000000, 0x0000000100000000)
  eden space 369664K, 0% used [0x00000000e0000000,0x00000000e0000000,0x00000000f6900000)
  from space 55808K, 99% used [0x00000000f6900000,0x00000000f9f68758,0x00000000f9f80000)
  to   space 81408K, 0% used [0x00000000fb080000,0x00000000fb080000,0x0000000100000000)
 ParOldGen       total 224768K, used 173522K [0x00000000a0000000, 0x00000000adb80000, 0x00000000e0000000)
  object space 224768K, 77% used [0x00000000a0000000,0x00000000aa974890,0x00000000adb80000)
 Metaspace       used 79552K, capacity 86652K, committed 86808K, reserved 1124352K
  class space    used 10012K, capacity 11025K, committed 11056K, reserved 1048576K
}
Event: 7395.777 GC heap before
{Heap before GC invocations=68 (full 4):
 PSYoungGen      total 425472K, used 425377K [0x00000000e0000000, 0x0000000100000000, 0x0000000100000000)
  eden space 369664K, 100% used [0x00000000e0000000,0x00000000f6900000,0x00000000f6900000)
  from space 55808K, 99% used [0x00000000f6900000,0x00000000f9f68758,0x00000000f9f80000)
  to   space 81408K, 0% used [0x00000000fb080000,0x00000000fb080000,0x0000000100000000)
 ParOldGen       total 224768K, used 173522K [0x00000000a0000000, 0x00000000adb80000, 0x00000000e0000000)
  object space 224768K, 77% used [0x00000000a0000000,0x00000000aa974890,0x00000000adb80000)
 Metaspace       used 79568K, capacity 86658K, committed 86808K, reserved 1124352K
  class space    used 10012K, capacity 11026K, committed 11056K, reserved 1048576K
Event: 7395.825 GC heap after
Heap after GC invocations=68 (full 4):
 PSYoungGen      total 446464K, used 28944K [0x00000000e0000000, 0x0000000100000000, 0x0000000100000000)
  eden space 365056K, 0% used [0x00000000e0000000,0x00000000e0000000,0x00000000f6480000)
  from space 81408K, 35% used [0x00000000fb080000,0x00000000fccc4120,0x0000000100000000)
  to   space 77824K, 0% used [0x00000000f6480000,0x00000000f6480000,0x00000000fb080000)
 ParOldGen       total 224768K, used 174066K [0x00000000a0000000, 0x00000000adb80000, 0x00000000e0000000)
  object space 224768K, 77% used [0x00000000a0000000,0x00000000aa9fc8b0,0x00000000adb80000)
 Metaspace       used 79568K, capacity 86658K, committed 86808K, reserved 1124352K
  class space    used 10012K, capacity 11026K, committed 11056K, reserved 1048576K
}
Event: 7645.465 GC heap before
{Heap before GC invocations=69 (full 4):
 PSYoungGen      total 446464K, used 394000K [0x00000000e0000000, 0x0000000100000000, 0x0000000100000000)
  eden space 365056K, 100% used [0x00000000e0000000,0x00000000f6480000,0x00000000f6480000)
  from space 81408K, 35% used [0x00000000fb080000,0x00000000fccc4120,0x0000000100000000)
  to   space 77824K, 0% used [0x00000000f6480000,0x00000000f6480000,0x00000000fb080000)
 ParOldGen       total 224768K, used 174066K [0x00000000a0000000, 0x00000000adb80000, 0x00000000e0000000)
  object space 224768K, 77% used [0x00000000a0000000,0x00000000aa9fc8b0,0x00000000adb80000)
 Metaspace       used 79624K, capacity 86746K, committed 86808K, reserved 1124352K
  class space    used 10021K, capacity 11034K, committed 11056K, reserved 1048576K
Event: 7645.562 GC heap after
Heap after GC invocations=69 (full 4):
 PSYoungGen      total 442880K, used 6290K [0x00000000e0000000, 0x00000000ffe80000, 0x0000000100000000)
  eden space 365056K, 0% used [0x00000000e0000000,0x00000000e0000000,0x00000000f6480000)
  from space 77824K, 8% used [0x00000000f6480000,0x00000000f6aa4bf0,0x00000000fb080000)
  to   space 78848K, 0% used [0x00000000fb180000,0x00000000fb180000,0x00000000ffe80000)
 ParOldGen       total 224768K, used 174154K [0x00000000a0000000, 0x00000000adb80000, 0x00000000e0000000)
  object space 224768K, 77% used [0x00000000a0000000,0x00000000aaa128b0,0x00000000adb80000)
 Metaspace       used 79624K, capacity 86746K, committed 86808K, reserved 1124352K
  class space    used 10021K, capacity 11034K, committed 11056K, reserved 1048576K
}

