# JRE version: OpenJDK Runtime Environment (8.0_112-b06) (build 1.8.0_112-release-b06)
# Java VM: OpenJDK 64-Bit Server VM (25.112-b06 mixed mode linux-amd64 compressed oops)
Heap:
 PSYoungGen      total 315392K, used 49548K [0x00000000e0000000, 0x00000000f9480000, 0x0000000100000000)
  eden space 218112K, 21% used [0x00000000e0000000,0x00000000e2cf9340,0x00000000ed500000)
  from space 97280K, 3% used [0x00000000ed500000,0x00000000ed869d20,0x00000000f3400000)
  to   space 94208K, 0% used [0x00000000f3880000,0x00000000f3880000,0x00000000f9480000)
 ParOldGen       total 813056K, used 546960K [0x00000000a0000000, 0x00000000d1a00000, 0x00000000e0000000)
  object space 813056K, 67% used [0x00000000a0000000,0x00000000c1624190,0x00000000d1a00000)
 Metaspace       used 94858K, capacity 101474K, committed 101936K, reserved 1138688K
  class space    used 11487K, capacity 12508K, committed 12592K, reserved 1048576K
GC Heap History (10 events):
Event: 7715.034 GC heap before
{Heap before GC invocations=112 (full 11):
 PSYoungGen      total 313344K, used 226473K [0x00000000e0000000, 0x00000000fa800000, 0x0000000100000000)
  eden space 207872K, 100% used [0x00000000e0000000,0x00000000ecb00000,0x00000000ecb00000)
  from space 105472K, 17% used [0x00000000f4100000,0x00000000f532a7a8,0x00000000fa800000)
  to   space 113152K, 0% used [0x00000000ecb00000,0x00000000ecb00000,0x00000000f3980000)
 ParOldGen       total 813056K, used 546944K [0x00000000a0000000, 0x00000000d1a00000, 0x00000000e0000000)
  object space 813056K, 67% used [0x00000000a0000000,0x00000000c1620190,0x00000000d1a00000)
 Metaspace       used 94711K, capacity 101292K, committed 101680K, reserved 1138688K
  class space    used 11470K, capacity 12491K, committed 12592K, reserved 1048576K
Event: 7715.110 GC heap after
Heap after GC invocations=112 (full 11):
 PSYoungGen      total 321024K, used 6679K [0x00000000e0000000, 0x00000000fa600000, 0x0000000100000000)
  eden space 207872K, 0% used [0x00000000e0000000,0x00000000e0000000,0x00000000ecb00000)
  from space 113152K, 5% used [0x00000000ecb00000,0x00000000ed185c40,0x00000000f3980000)
  to   space 109056K, 0% used [0x00000000f3b80000,0x00000000f3b80000,0x00000000fa600000)
 ParOldGen       total 813056K, used 546944K [0x00000000a0000000, 0x00000000d1a00000, 0x00000000e0000000)
  object space 813056K, 67% used [0x00000000a0000000,0x00000000c1620190,0x00000000d1a00000)
 Metaspace       used 94711K, capacity 101292K, committed 101680K, reserved 1138688K
  class space    used 11470K, capacity 12491K, committed 12592K, reserved 1048576K
}
Event: 9577.088 GC heap before
{Heap before GC invocations=113 (full 11):
 PSYoungGen      total 321024K, used 214551K [0x00000000e0000000, 0x00000000fa600000, 0x0000000100000000)
  eden space 207872K, 100% used [0x00000000e0000000,0x00000000ecb00000,0x00000000ecb00000)
  from space 113152K, 5% used [0x00000000ecb00000,0x00000000ed185c40,0x00000000f3980000)
  to   space 109056K, 0% used [0x00000000f3b80000,0x00000000f3b80000,0x00000000fa600000)
 ParOldGen       total 813056K, used 546944K [0x00000000a0000000, 0x00000000d1a00000, 0x00000000e0000000)
  object space 813056K, 67% used [0x00000000a0000000,0x00000000c1620190,0x00000000d1a00000)
 Metaspace       used 94785K, capacity 101380K, committed 101680K, reserved 1138688K
  class space    used 11479K, capacity 12499K, committed 12592K, reserved 1048576K
Event: 9577.637 GC heap after
Heap after GC invocations=113 (full 11):
 PSYoungGen      total 310784K, used 6716K [0x00000000e0000000, 0x00000000f9b80000, 0x0000000100000000)
  eden space 212480K, 0% used [0x00000000e0000000,0x00000000e0000000,0x00000000ecf80000)
  from space 98304K, 6% used [0x00000000f3b80000,0x00000000f420f390,0x00000000f9b80000)
  to   space 104448K, 0% used [0x00000000ecf80000,0x00000000ecf80000,0x00000000f3580000)
 ParOldGen       total 813056K, used 546952K [0x00000000a0000000, 0x00000000d1a00000, 0x00000000e0000000)
  object space 813056K, 67% used [0x00000000a0000000,0x00000000c1622190,0x00000000d1a00000)
 Metaspace       used 94785K, capacity 101380K, committed 101680K, reserved 1138688K
  class space    used 11479K, capacity 12499K, committed 12592K, reserved 1048576K
}
Event: 9592.673 GC heap before
{Heap before GC invocations=114 (full 11):
 PSYoungGen      total 310784K, used 219196K [0x00000000e0000000, 0x00000000f9b80000, 0x0000000100000000)
  eden space 212480K, 100% used [0x00000000e0000000,0x00000000ecf80000,0x00000000ecf80000)
  from space 98304K, 6% used [0x00000000f3b80000,0x00000000f420f390,0x00000000f9b80000)
  to   space 104448K, 0% used [0x00000000ecf80000,0x00000000ecf80000,0x00000000f3580000)
 ParOldGen       total 813056K, used 546952K [0x00000000a0000000, 0x00000000d1a00000, 0x00000000e0000000)
  object space 813056K, 67% used [0x00000000a0000000,0x00000000c1622190,0x00000000d1a00000)
 Metaspace       used 94816K, capacity 101380K, committed 101680K, reserved 1138688K
  class space    used 11479K, capacity 12499K, committed 12592K, reserved 1048576K
Event: 9592.921 GC heap after
Heap after GC invocations=114 (full 11):
 PSYoungGen      total 242688K, used 30172K [0x00000000e0000000, 0x00000000f9400000, 0x0000000100000000)
  eden space 212480K, 0% used [0x00000000e0000000,0x00000000e0000000,0x00000000ecf80000)
  from space 30208K, 99% used [0x00000000ecf80000,0x00000000eecf73b0,0x00000000eed00000)
  to   space 98304K, 0% used [0x00000000f3400000,0x00000000f3400000,0x00000000f9400000)
 ParOldGen       total 813056K, used 546960K [0x00000000a0000000, 0x00000000d1a00000, 0x00000000e0000000)
  object space 813056K, 67% used [0x00000000a0000000,0x00000000c1624190,0x00000000d1a00000)
 Metaspace       used 94816K, capacity 101380K, committed 101680K, reserved 1138688K
  class space    used 11479K, capacity 12499K, committed 12592K, reserved 1048576K
}
Event: 9595.646 GC heap before
{Heap before GC invocations=115 (full 11):
 PSYoungGen      total 242688K, used 242652K [0x00000000e0000000, 0x00000000f9400000, 0x0000000100000000)
  eden space 212480K, 100% used [0x00000000e0000000,0x00000000ecf80000,0x00000000ecf80000)
  from space 30208K, 99% used [0x00000000ecf80000,0x00000000eecf73b0,0x00000000eed00000)
  to   space 98304K, 0% used [0x00000000f3400000,0x00000000f3400000,0x00000000f9400000)
 ParOldGen       total 813056K, used 546960K [0x00000000a0000000, 0x00000000d1a00000, 0x00000000e0000000)
  object space 813056K, 67% used [0x00000000a0000000,0x00000000c1624190,0x00000000d1a00000)
 Metaspace       used 94816K, capacity 101380K, committed 101680K, reserved 1138688K
  class space    used 11479K, capacity 12499K, committed 12592K, reserved 1048576K
Event: 9596.165 GC heap after
Heap after GC invocations=115 (full 11):
 PSYoungGen      total 316416K, used 42850K [0x00000000e0000000, 0x00000000f9680000, 0x0000000100000000)
  eden space 218112K, 0% used [0x00000000e0000000,0x00000000e0000000,0x00000000ed500000)
  from space 98304K, 43% used [0x00000000f3400000,0x00000000f5dd89c8,0x00000000f9400000)
  to   space 97280K, 0% used [0x00000000ed500000,0x00000000ed500000,0x00000000f3400000)
 ParOldGen       total 813056K, used 546960K [0x00000000a0000000, 0x00000000d1a00000, 0x00000000e0000000)
  object space 813056K, 67% used [0x00000000a0000000,0x00000000c1624190,0x00000000d1a00000)
 Metaspace       used 94816K, capacity 101380K, committed 101680K, reserved 1138688K
  class space    used 11479K, capacity 12499K, committed 12592K, reserved 1048576K
}
Event: 10251.028 GC heap before
{Heap before GC invocations=116 (full 11):
 PSYoungGen      total 316416K, used 260962K [0x00000000e0000000, 0x00000000f9680000, 0x0000000100000000)
  eden space 218112K, 100% used [0x00000000e0000000,0x00000000ed500000,0x00000000ed500000)
  from space 98304K, 43% used [0x00000000f3400000,0x00000000f5dd89c8,0x00000000f9400000)
  to   space 97280K, 0% used [0x00000000ed500000,0x00000000ed500000,0x00000000f3400000)
 ParOldGen       total 813056K, used 546960K [0x00000000a0000000, 0x00000000d1a00000, 0x00000000e0000000)
  object space 813056K, 67% used [0x00000000a0000000,0x00000000c1624190,0x00000000d1a00000)
 Metaspace       used 94823K, capacity 101386K, committed 101680K, reserved 1138688K
  class space    used 11479K, capacity 12500K, committed 12592K, reserved 1048576K
Event: 10251.255 GC heap after
Heap after GC invocations=116 (full 11):
 PSYoungGen      total 315392K, used 3495K [0x00000000e0000000, 0x00000000f9480000, 0x0000000100000000)
  eden space 218112K, 0% used [0x00000000e0000000,0x00000000e0000000,0x00000000ed500000)
  from space 97280K, 3% used [0x00000000ed500000,0x00000000ed869d20,0x00000000f3400000)
  to   space 94208K, 0% used [0x00000000f3880000,0x00000000f3880000,0x00000000f9480000)
 ParOldGen       total 813056K, used 546960K [0x00000000a0000000, 0x00000000d1a00000, 0x00000000e0000000)
  object space 813056K, 67% used [0x00000000a0000000,0x00000000c1624190,0x00000000d1a00000)
 Metaspace       used 94823K, capacity 101386K, committed 101680K, reserved 1138688K
  class space    used 11479K, capacity 12500K, committed 12592K, reserved 1048576K
}

