# JRE version: OpenJDK Runtime Environment (8.0_112-b06) (build 1.8.0_112-release-b06)
# Java VM: OpenJDK 64-Bit Server VM (25.112-b06 mixed mode linux-amd64 compressed oops)
Heap:
 PSYoungGen      total 418304K, used 398505K [0x00000000e0000000, 0x00000000ff280000, 0x0000000100000000)
  eden space 338432K, 100% used [0x00000000e0000000,0x00000000f4a80000,0x00000000f4a80000)
  from space 79872K, 75% used [0x00000000f9c00000,0x00000000fd6aa460,0x00000000fea00000)
  to   space 83456K, 45% used [0x00000000f4a80000,0x00000000f6fa5220,0x00000000f9c00000)
 ParOldGen       total 332288K, used 122776K [0x00000000a0000000, 0x00000000b4480000, 0x00000000e0000000)
  object space 332288K, 36% used [0x00000000a0000000,0x00000000a77e6338,0x00000000b4480000)
 Metaspace       used 109757K, capacity 117148K, committed 117376K, reserved 1153024K
  class space    used 13495K, capacity 14708K, committed 14720K, reserved 1048576K
GC Heap History (10 events):
Event: 7872.734 GC heap after
Heap after GC invocations=82 (full 8):
 PSYoungGen      total 410112K, used 36374K [0x00000000e0000000, 0x00000000fed00000, 0x0000000100000000)
  eden space 329728K, 0% used [0x00000000e0000000,0x00000000e0000000,0x00000000f4200000)
  from space 80384K, 45% used [0x00000000f9e80000,0x00000000fc205bc0,0x00000000fed00000)
  to   space 87552K, 0% used [0x00000000f4200000,0x00000000f4200000,0x00000000f9780000)
 ParOldGen       total 332288K, used 113134K [0x00000000a0000000, 0x00000000b4480000, 0x00000000e0000000)
  object space 332288K, 34% used [0x00000000a0000000,0x00000000a6e7b988,0x00000000b4480000)
 Metaspace       used 108028K, capacity 113916K, committed 114176K, reserved 1148928K
  class space    used 13257K, capacity 14274K, committed 14336K, reserved 1048576K
}
Event: 7926.762 GC heap before
{Heap before GC invocations=83 (full 8):
 PSYoungGen      total 410112K, used 366102K [0x00000000e0000000, 0x00000000fed00000, 0x0000000100000000)
  eden space 329728K, 100% used [0x00000000e0000000,0x00000000f4200000,0x00000000f4200000)
  from space 80384K, 45% used [0x00000000f9e80000,0x00000000fc205bc0,0x00000000fed00000)
  to   space 87552K, 0% used [0x00000000f4200000,0x00000000f4200000,0x00000000f9780000)
 ParOldGen       total 332288K, used 113134K [0x00000000a0000000, 0x00000000b4480000, 0x00000000e0000000)
  object space 332288K, 34% used [0x00000000a0000000,0x00000000a6e7b988,0x00000000b4480000)
 Metaspace       used 108788K, capacity 115430K, committed 115712K, reserved 1150976K
  class space    used 13381K, capacity 14525K, committed 14592K, reserved 1048576K
Event: 7926.784 GC heap after
Heap after GC invocations=83 (full 8):
 PSYoungGen      total 417280K, used 32874K [0x00000000e0000000, 0x00000000fef80000, 0x0000000100000000)
  eden space 329728K, 0% used [0x00000000e0000000,0x00000000e0000000,0x00000000f4200000)
  from space 87552K, 37% used [0x00000000f4200000,0x00000000f621a9d0,0x00000000f9780000)
  to   space 84480K, 0% used [0x00000000f9d00000,0x00000000f9d00000,0x00000000fef80000)
 ParOldGen       total 332288K, used 113142K [0x00000000a0000000, 0x00000000b4480000, 0x00000000e0000000)
  object space 332288K, 34% used [0x00000000a0000000,0x00000000a6e7d988,0x00000000b4480000)
 Metaspace       used 108788K, capacity 115430K, committed 115712K, reserved 1150976K
  class space    used 13381K, capacity 14525K, committed 14592K, reserved 1048576K
}
Event: 14491.731 GC heap before
{Heap before GC invocations=84 (full 8):
 PSYoungGen      total 417280K, used 362602K [0x00000000e0000000, 0x00000000fef80000, 0x0000000100000000)
  eden space 329728K, 100% used [0x00000000e0000000,0x00000000f4200000,0x00000000f4200000)
  from space 87552K, 37% used [0x00000000f4200000,0x00000000f621a9d0,0x00000000f9780000)
  to   space 84480K, 0% used [0x00000000f9d00000,0x00000000f9d00000,0x00000000fef80000)
 ParOldGen       total 332288K, used 113142K [0x00000000a0000000, 0x00000000b4480000, 0x00000000e0000000)
  object space 332288K, 34% used [0x00000000a0000000,0x00000000a6e7d988,0x00000000b4480000)
 Metaspace       used 109182K, capacity 116178K, committed 116352K, reserved 1150976K
  class space    used 13437K, capacity 14621K, committed 14720K, reserved 1048576K
Event: 14491.775 GC heap after
Heap after GC invocations=84 (full 8):
 PSYoungGen      total 409600K, used 39907K [0x00000000e0000000, 0x00000000fe480000, 0x0000000100000000)
  eden space 336384K, 0% used [0x00000000e0000000,0x00000000e0000000,0x00000000f4880000)
  from space 73216K, 54% used [0x00000000f9d00000,0x00000000fc3f8e38,0x00000000fe480000)
  to   space 79872K, 0% used [0x00000000f4880000,0x00000000f4880000,0x00000000f9680000)
 ParOldGen       total 332288K, used 113150K [0x00000000a0000000, 0x00000000b4480000, 0x00000000e0000000)
  object space 332288K, 34% used [0x00000000a0000000,0x00000000a6e7f988,0x00000000b4480000)
 Metaspace       used 109182K, capacity 116178K, committed 116352K, reserved 1150976K
  class space    used 13437K, capacity 14621K, committed 14720K, reserved 1048576K
}
Event: 14518.793 GC heap before
{Heap before GC invocations=85 (full 8):
 PSYoungGen      total 409600K, used 376291K [0x00000000e0000000, 0x00000000fe480000, 0x0000000100000000)
  eden space 336384K, 100% used [0x00000000e0000000,0x00000000f4880000,0x00000000f4880000)
  from space 73216K, 54% used [0x00000000f9d00000,0x00000000fc3f8e38,0x00000000fe480000)
  to   space 79872K, 0% used [0x00000000f4880000,0x00000000f4880000,0x00000000f9680000)
 ParOldGen       total 332288K, used 113150K [0x00000000a0000000, 0x00000000b4480000, 0x00000000e0000000)
  object space 332288K, 34% used [0x00000000a0000000,0x00000000a6e7f988,0x00000000b4480000)
 Metaspace       used 109301K, capacity 116496K, committed 116608K, reserved 1150976K
  class space    used 13454K, capacity 14646K, committed 14720K, reserved 1048576K
Event: 14518.831 GC heap after
Heap after GC invocations=85 (full 8):
 PSYoungGen      total 416256K, used 50652K [0x00000000e0000000, 0x00000000fea00000, 0x0000000100000000)
  eden space 336384K, 0% used [0x00000000e0000000,0x00000000e0000000,0x00000000f4880000)
  from space 79872K, 63% used [0x00000000f4880000,0x00000000f79f7150,0x00000000f9680000)
  to   space 79872K, 0% used [0x00000000f9c00000,0x00000000f9c00000,0x00000000fea00000)
 ParOldGen       total 332288K, used 113150K [0x00000000a0000000, 0x00000000b4480000, 0x00000000e0000000)
  object space 332288K, 34% used [0x00000000a0000000,0x00000000a6e7f988,0x00000000b4480000)
 Metaspace       used 109301K, capacity 116496K, committed 116608K, reserved 1150976K
  class space    used 13454K, capacity 14646K, committed 14720K, reserved 1048576K
}
Event: 14522.012 GC heap before
{Heap before GC invocations=86 (full 8):
 PSYoungGen      total 416256K, used 387036K [0x00000000e0000000, 0x00000000fea00000, 0x0000000100000000)
  eden space 336384K, 100% used [0x00000000e0000000,0x00000000f4880000,0x00000000f4880000)
  from space 79872K, 63% used [0x00000000f4880000,0x00000000f79f7150,0x00000000f9680000)
  to   space 79872K, 0% used [0x00000000f9c00000,0x00000000f9c00000,0x00000000fea00000)
 ParOldGen       total 332288K, used 113150K [0x00000000a0000000, 0x00000000b4480000, 0x00000000e0000000)
  object space 332288K, 34% used [0x00000000a0000000,0x00000000a6e7f988,0x00000000b4480000)
 Metaspace       used 109483K, capacity 116730K, committed 116864K, reserved 1150976K
  class space    used 13458K, capacity 14653K, committed 14720K, reserved 1048576K
Event: 14522.054 GC heap after
Heap after GC invocations=86 (full 8):
 PSYoungGen      total 418304K, used 60073K [0x00000000e0000000, 0x00000000ff280000, 0x0000000100000000)
  eden space 338432K, 0% used [0x00000000e0000000,0x00000000e0000000,0x00000000f4a80000)
  from space 79872K, 75% used [0x00000000f9c00000,0x00000000fd6aa460,0x00000000fea00000)
  to   space 83456K, 0% used [0x00000000f4a80000,0x00000000f4a80000,0x00000000f9c00000)
 ParOldGen       total 332288K, used 113158K [0x00000000a0000000, 0x00000000b4480000, 0x00000000e0000000)
  object space 332288K, 34% used [0x00000000a0000000,0x00000000a6e81988,0x00000000b4480000)
 Metaspace       used 109483K, capacity 116730K, committed 116864K, reserved 1150976K
  class space    used 13458K, capacity 14653K, committed 14720K, reserved 1048576K
}
Event: 14739.523 GC heap before
{Heap before GC invocations=87 (full 8):
 PSYoungGen      total 418304K, used 398505K [0x00000000e0000000, 0x00000000ff280000, 0x0000000100000000)
  eden space 338432K, 100% used [0x00000000e0000000,0x00000000f4a80000,0x00000000f4a80000)
  from space 79872K, 75% used [0x00000000f9c00000,0x00000000fd6aa460,0x00000000fea00000)
  to   space 83456K, 0% used [0x00000000f4a80000,0x00000000f4a80000,0x00000000f9c00000)
 ParOldGen       total 332288K, used 113158K [0x00000000a0000000, 0x00000000b4480000, 0x00000000e0000000)
  object space 332288K, 34% used [0x00000000a0000000,0x00000000a6e81988,0x00000000b4480000)
 Metaspace       used 109757K, capacity 117148K, committed 117376K, reserved 1153024K
  class space    used 13495K, capacity 14708K, committed 14720K, reserved 1048576K

